Determining if the pthread_create exist failed with the following output:
Change Dir: /home/tingweiouo/uart/build/CMakeFiles/CMakeTmp

Run Build Command:"/usr/bin/make" "cmTC_f6cf1/fast"
/usr/bin/make -f CMakeFiles/cmTC_f6cf1.dir/build.make CMakeFiles/cmTC_f6cf1.dir/build
make[1]: Entering directory '/home/tingweiouo/uart/build/CMakeFiles/CMakeTmp'
Building C object CMakeFiles/cmTC_f6cf1.dir/CheckSymbolExists.c.o
/usr/bin/cc    -o CMakeFiles/cmTC_f6cf1.dir/CheckSymbolExists.c.o   -c /home/tingweiouo/uart/build/CMakeFiles/CMakeTmp/CheckSymbolExists.c
Linking C executable cmTC_f6cf1
/usr/bin/cmake -E cmake_link_script CMakeFiles/cmTC_f6cf1.dir/link.txt --verbose=1
/usr/bin/cc      -rdynamic CMakeFiles/cmTC_f6cf1.dir/CheckSymbolExists.c.o  -o cmTC_f6cf1 
CMakeFiles/cmTC_f6cf1.dir/CheckSymbolExists.c.o: 於函式 main:
CheckSymbolExists.c:(.text+0x1b): 未定義參考到 pthread_create
collect2: error: ld returned 1 exit status
CMakeFiles/cmTC_f6cf1.dir/build.make:97: recipe for target 'cmTC_f6cf1' failed
make[1]: *** [cmTC_f6cf1] Error 1
make[1]: Leaving directory '/home/tingweiouo/uart/build/CMakeFiles/CMakeTmp'
Makefile:126: recipe for target 'cmTC_f6cf1/fast' failed
make: *** [cmTC_f6cf1/fast] Error 2

File /home/tingweiouo/uart/build/CMakeFiles/CMakeTmp/CheckSymbolExists.c:
/* */
#include <pthread.h>

int main(int argc, char** argv)
{
  (void)argv;
#ifndef pthread_create
  return ((int*)(&pthread_create))[argc];
#else
  (void)argc;
  return 0;
#endif
}

Determining if the function pthread_create exists in the pthreads failed with the following output:
Change Dir: /home/tingweiouo/uart/build/CMakeFiles/CMakeTmp

Run Build Command:"/usr/bin/make" "cmTC_602d4/fast"
/usr/bin/make -f CMakeFiles/cmTC_602d4.dir/build.make CMakeFiles/cmTC_602d4.dir/build
make[1]: Entering directory '/home/tingweiouo/uart/build/CMakeFiles/CMakeTmp'
Building C object CMakeFiles/cmTC_602d4.dir/CheckFunctionExists.c.o
/usr/bin/cc   -DCHECK_FUNCTION_EXISTS=pthread_create   -o CMakeFiles/cmTC_602d4.dir/CheckFunctionExists.c.o   -c /usr/share/cmake-3.10/Modules/CheckFunctionExists.c
Linking C executable cmTC_602d4
/usr/bin/cmake -E cmake_link_script CMakeFiles/cmTC_602d4.dir/link.txt --verbose=1
/usr/bin/cc  -DCHECK_FUNCTION_EXISTS=pthread_create    -rdynamic CMakeFiles/cmTC_602d4.dir/CheckFunctionExists.c.o  -o cmTC_602d4 -lpthreads 
/usr/bin/ld: 找不到 -lpthreads
collect2: error: ld returned 1 exit status
CMakeFiles/cmTC_602d4.dir/build.make:97: recipe for target 'cmTC_602d4' failed
make[1]: *** [cmTC_602d4] Error 1
make[1]: Leaving directory '/home/tingweiouo/uart/build/CMakeFiles/CMakeTmp'
Makefile:126: recipe for target 'cmTC_602d4/fast' failed
make: *** [cmTC_602d4/fast] Error 2


